<?xml version="1.0" encoding="UTF-8"?>
<testng-results ignored="0" total="1" passed="1" failed="0" skipped="0">
  <reporter-output>
  </reporter-output>
  <suite started-at="2024-07-22T20:01:00 IST" name="Default suite" finished-at="2024-07-22T20:01:09 IST" duration-ms="8841">
    <groups>
    </groups>
    <test started-at="2024-07-22T20:01:00 IST" name="Default test" finished-at="2024-07-22T20:01:09 IST" duration-ms="8841">
      <class name="projectfour.MyTest">
        <test-method is-config="true" signature="setUp()[pri:0, instance:projectfour.MyTest@4c583ecf]" started-at="2024-07-22T20:01:00 IST" name="setUp" finished-at="2024-07-22T20:01:08 IST" duration-ms="8392" status="PASS">
          <reporter-output>
          </reporter-output>
        </test-method> <!-- setUp -->
        <test-method signature="verifyTitle()[pri:0, instance:projectfour.MyTest@4c583ecf]" started-at="2024-07-22T20:01:08 IST" name="verifyTitle" finished-at="2024-07-22T20:01:08 IST" duration-ms="79" status="PASS">
          <reporter-output>
          </reporter-output>
        </test-method> <!-- verifyTitle -->
        <test-method is-config="true" signature="tearDown()[pri:0, instance:projectfour.MyTest@4c583ecf]" started-at="2024-07-22T20:01:08 IST" name="tearDown" finished-at="2024-07-22T20:01:09 IST" duration-ms="294" status="PASS">
          <reporter-output>
          </reporter-output>
        </test-method> <!-- tearDown -->
      </class> <!-- projectfour.MyTest -->
    </test> <!-- Default test -->
  </suite> <!-- Default suite -->
</testng-results>
